<?xml version="1.0" encoding="UTF-8"?>
<testng-results skipped="0" failed="0" ignored="0" total="1" passed="1">
  <reporter-output>
  </reporter-output>
  <suite name="Default suite" duration-ms="57515" started-at="2020-01-17T18:16:11Z" finished-at="2020-01-17T18:17:08Z">
    <groups>
    </groups>
    <test name="Default test" duration-ms="57515" started-at="2020-01-17T18:16:11Z" finished-at="2020-01-17T18:17:08Z">
      <class name="com.assignment1.testcases.IphonePricingTestcase">
        <test-method status="PASS" signature="openBrowser()[pri:0, instance:com.assignment1.testcases.IphonePricingTestcase@1e965684]" name="openBrowser" is-config="true" duration-ms="11674" started-at="2020-01-17T23:46:11Z" finished-at="2020-01-17T23:46:22Z">
          <reporter-output>
          </reporter-output>
        </test-method> <!-- openBrowser -->
        <test-method status="PASS" signature="IphonePricingTest()[pri:0, instance:com.assignment1.testcases.IphonePricingTestcase@1e965684]" name="IphonePricingTest" duration-ms="45658" started-at="2020-01-17T23:46:22Z" finished-at="2020-01-17T23:47:08Z">
          <reporter-output>
          </reporter-output>
        </test-method> <!-- IphonePricingTest -->
        <test-method status="PASS" signature="closeBrowser()[pri:0, instance:com.assignment1.testcases.IphonePricingTestcase@1e965684]" name="closeBrowser" is-config="true" duration-ms="114" started-at="2020-01-17T23:47:08Z" finished-at="2020-01-17T23:47:08Z">
          <reporter-output>
          </reporter-output>
        </test-method> <!-- closeBrowser -->
      </class> <!-- com.assignment1.testcases.IphonePricingTestcase -->
    </test> <!-- Default test -->
  </suite> <!-- Default suite -->
</testng-results>
