<?xml version="1.0" encoding="UTF-8"?>
<testng-results skipped="0" failed="0" ignored="0" total="1" passed="1">
  <reporter-output>
  </reporter-output>
  <suite name="Default suite" duration-ms="86628" started-at="2020-01-18T08:08:31Z" finished-at="2020-01-18T08:09:57Z">
    <groups>
    </groups>
    <test name="Default test" duration-ms="86628" started-at="2020-01-18T08:08:31Z" finished-at="2020-01-18T08:09:57Z">
      <class name="com.assignment2.tripadvisorstestcase.TripadvisorTestcase">
        <test-method status="PASS" signature="openBrowser()[pri:0, instance:com.assignment2.tripadvisorstestcase.TripadvisorTestcase@1e965684]" name="openBrowser" is-config="true" duration-ms="13070" started-at="2020-01-18T13:38:31Z" finished-at="2020-01-18T13:38:44Z">
          <reporter-output>
          </reporter-output>
        </test-method> <!-- openBrowser -->
        <test-method status="PASS" signature="tripAdvisorTest()[pri:0, instance:com.assignment2.tripadvisorstestcase.TripadvisorTestcase@1e965684]" name="tripAdvisorTest" duration-ms="73211" started-at="2020-01-18T13:38:44Z" finished-at="2020-01-18T13:39:57Z">
          <reporter-output>
          </reporter-output>
        </test-method> <!-- tripAdvisorTest -->
        <test-method status="PASS" signature="closeBrowser()[pri:0, instance:com.assignment2.tripadvisorstestcase.TripadvisorTestcase@1e965684]" name="closeBrowser" is-config="true" duration-ms="292" started-at="2020-01-18T13:39:57Z" finished-at="2020-01-18T13:39:57Z">
          <reporter-output>
          </reporter-output>
        </test-method> <!-- closeBrowser -->
      </class> <!-- com.assignment2.tripadvisorstestcase.TripadvisorTestcase -->
    </test> <!-- Default test -->
  </suite> <!-- Default suite -->
</testng-results>
